<?xml version="1.0" encoding="UTF-8"?>
<testng-results ignored="0" total="1" passed="1" failed="0" skipped="0">
  <reporter-output>
  </reporter-output>
  <suite started-at="2024-09-03T21:13:31 IST" name="Default suite" finished-at="2024-09-03T21:13:50 IST" duration-ms="19269">
    <groups>
    </groups>
    <test started-at="2024-09-03T21:13:31 IST" name="Default test" finished-at="2024-09-03T21:13:50 IST" duration-ms="19269">
      <class name="TestCases.TC0002LoginTest">
        <test-method is-config="true" signature="setUp()[pri:0, instance:TestCases.TC0002LoginTest@4fd4cae3]" started-at="2024-09-03T21:13:31 IST" name="setUp" finished-at="2024-09-03T21:13:34 IST" duration-ms="2728" status="PASS">
          <reporter-output>
          </reporter-output>
        </test-method> <!-- setUp -->
        <test-method signature="Verify_Login()[pri:0, instance:TestCases.TC0002LoginTest@4fd4cae3]" started-at="2024-09-03T21:13:34 IST" name="Verify_Login" finished-at="2024-09-03T21:13:50 IST" duration-ms="16498" status="PASS">
          <reporter-output>
          </reporter-output>
        </test-method> <!-- Verify_Login -->
      </class> <!-- TestCases.TC0002LoginTest -->
    </test> <!-- Default test -->
  </suite> <!-- Default suite -->
</testng-results>
